SF:/Users/steve/git/dart_collection_sampler/lib/src/collection_sampler.dart
DA:11,1
DA:16,1
DA:19,5
DA:20,1
DA:24,0
DA:25,0
DA:26,0
DA:27,0
DA:33,1
DA:34,3
DA:35,1
DA:36,0
DA:42,1
DA:43,1
DA:46,2
DA:48,0
DA:49,0
DA:51,0
DA:57,1
DA:58,2
DA:62,1
DA:63,3
DA:64,1
DA:65,1
DA:66,2
DA:67,0
LF:26
LH:17
BRDA:11,0,0,1
BRDA:16,0,0,1
BRDA:24,0,0,0
BRDA:26,0,0,0
BRDA:33,0,0,1
BRDA:42,0,0,1
BRDA:43,0,0,0
BRDA:45,0,0,1
BRDA:47,0,0,0
BRDA:48,0,0,0
BRDA:50,0,0,0
BRDA:57,0,0,1
BRDA:62,0,0,1
end_of_record
SF:/Users/steve/git/dart_collection_sampler/lib/src/dice_sampler.dart
DA:9,1
DA:17,1
DA:18,2
DA:20,3
DA:22,3
DA:23,1
DA:24,1
LF:7
LH:7
BRDA:9,0,0,1
BRDA:17,0,0,1
end_of_record
SF:/Users/steve/git/dart_collection_sampler/lib/src/reservoir_sampling.dart
DA:22,1
DA:23,2
DA:26,1
DA:28,2
DA:29,2
DA:30,1
DA:32,1
DA:34,2
DA:38,1
DA:39,2
DA:41,1
DA:45,1
LF:12
LH:12
BRDA:22,0,0,1
BRDA:28,0,0,1
BRDA:32,0,0,1
BRDA:38,0,0,1
end_of_record
